#-----------------------------------------------------------
# Vivado v2022.2 (64-bit)
# SW Build 3671981 on Fri Oct 14 05:00:03 MDT 2022
# IP Build 3669848 on Fri Oct 14 08:30:02 MDT 2022
# Start of session at: Fri Nov 25 16:02:38 2022
# Process ID: 17904
# Current directory: C:/Users/Jakub/Desktop/KonwerterLiczb
# Command line: vivado.exe -gui_launcher_event rodinguilauncherevent18240 C:\Users\Jakub\Desktop\KonwerterLiczb\KonwerterLiczb.xpr
# Log file: C:/Users/Jakub/Desktop/KonwerterLiczb/vivado.log
# Journal file: C:/Users/Jakub/Desktop/KonwerterLiczb\vivado.jou
# Running On: DESKTOP-1NOTC2F, OS: Windows, CPU Frequency: 2296 MHz, CPU Physical cores: 8, Host memory: 16571 MB
#-----------------------------------------------------------
start_gui
open_project C:/Users/Jakub/Desktop/KonwerterLiczb/KonwerterLiczb.xpr
WARNING: [Board 49-26] cannot add Board Part xilinx.com:kc705:part0:1.6 available at C:/Xilinx/Vivado/2022.2/data/xhub/boards/XilinxBoardStore/boards/Xilinx/kc705/1.6/board.xml as part xc7k325tffg900-2 specified in board_part file is either invalid or not available
WARNING: [Board 49-26] cannot add Board Part xilinx.com:kcu105:part0:1.6 available at C:/Xilinx/Vivado/2022.2/data/xhub/boards/XilinxBoardStore/boards/Xilinx/kcu105/1.6/board.xml as part xcku040-ffva1156-2-e specified in board_part file is either invalid or not available
WARNING: [Board 49-26] cannot add Board Part xilinx.com:kcu105:part0:1.7 available at C:/Xilinx/Vivado/2022.2/data/xhub/boards/XilinxBoardStore/boards/Xilinx/kcu105/1.7/board.xml as part xcku040-ffva1156-2-e specified in board_part file is either invalid or not available
WARNING: [Board 49-26] cannot add Board Part xilinx.com:kcu1500:part0:1.2 available at C:/Xilinx/Vivado/2022.2/data/xhub/boards/XilinxBoardStore/boards/Xilinx/kcu1500/1.2/board.xml as part xcku115-flvb2104-2-e specified in board_part file is either invalid or not available
WARNING: [Board 49-26] cannot add Board Part xilinx.com:vc707:part0:1.4 available at C:/Xilinx/Vivado/2022.2/data/xhub/boards/XilinxBoardStore/boards/Xilinx/vc707/1.4/board.xml as part xc7vx485tffg1761-2 specified in board_part file is either invalid or not available
WARNING: [Board 49-26] cannot add Board Part xilinx.com:vc709:part0:1.8 available at C:/Xilinx/Vivado/2022.2/data/xhub/boards/XilinxBoardStore/boards/Xilinx/vc709/1.8/board.xml as part xc7vx690tffg1761-2 specified in board_part file is either invalid or not available
WARNING: [Board 49-26] cannot add Board Part xilinx.com:vck190:part0:2.2 available at C:/Xilinx/Vivado/2022.2/data/xhub/boards/XilinxBoardStore/boards/Xilinx/vck190/production/2.2/board.xml as part xcvc1902-vsva2197-2mp-e-s specified in board_part file is either invalid or not available
WARNING: [Board 49-26] cannot add Board Part xilinx.com:vck190:part0:3.0 available at C:/Xilinx/Vivado/2022.2/data/xhub/boards/XilinxBoardStore/boards/Xilinx/vck190/production/3.0/board.xml as part xcvc1902-vsva2197-2mp-e-s specified in board_part file is either invalid or not available
WARNING: [Board 49-26] cannot add Board Part xilinx.com:vck190:part0:3.1 available at C:/Xilinx/Vivado/2022.2/data/xhub/boards/XilinxBoardStore/boards/Xilinx/vck190/production/3.1/board.xml as part xcvc1902-vsva2197-2mp-e-s specified in board_part file is either invalid or not available
WARNING: [Board 49-26] cannot add Board Part xilinx.com:vck190_newl:part0:1.0 available at C:/Xilinx/Vivado/2022.2/data/xhub/boards/XilinxBoardStore/boards/Xilinx/vck190_newl/production/1.0/board.xml as part xcvc1902-vsva2197-2mp-e-s specified in board_part file is either invalid or not available
WARNING: [Board 49-26] cannot add Board Part xilinx.com:vcu108:part0:1.6 available at C:/Xilinx/Vivado/2022.2/data/xhub/boards/XilinxBoardStore/boards/Xilinx/vcu108/1.6/board.xml as part xcvu095-ffva2104-2-e specified in board_part file is either invalid or not available
WARNING: [Board 49-26] cannot add Board Part xilinx.com:vcu108:part0:1.7 available at C:/Xilinx/Vivado/2022.2/data/xhub/boards/XilinxBoardStore/boards/Xilinx/vcu108/1.7/board.xml as part xcvu095-ffva2104-2-e specified in board_part file is either invalid or not available
WARNING: [Board 49-26] cannot add Board Part xilinx.com:vcu110:part0:1.4 available at C:/Xilinx/Vivado/2022.2/data/xhub/boards/XilinxBoardStore/boards/Xilinx/vcu110/1.4/board.xml as part xcvu190-flgc2104-2-e specified in board_part file is either invalid or not available
WARNING: [Board 49-26] cannot add Board Part xilinx.com:vcu118:part0:2.0 available at C:/Xilinx/Vivado/2022.2/data/xhub/boards/XilinxBoardStore/boards/Xilinx/vcu118/2.0/board.xml as part xcvu9p-flga2104-2l-e specified in board_part file is either invalid or not available
WARNING: [Board 49-26] cannot add Board Part xilinx.com:vcu118:part0:2.3 available at C:/Xilinx/Vivado/2022.2/data/xhub/boards/XilinxBoardStore/boards/Xilinx/vcu118/2.3/board.xml as part xcvu9p-flga2104-2l-e specified in board_part file is either invalid or not available
WARNING: [Board 49-26] cannot add Board Part xilinx.com:vcu118:part0:2.4 available at C:/Xilinx/Vivado/2022.2/data/xhub/boards/XilinxBoardStore/boards/Xilinx/vcu118/2.4/board.xml as part xcvu9p-flga2104-2l-e specified in board_part file is either invalid or not available
WARNING: [Board 49-26] cannot add Board Part xilinx.com:vcu128:part0:1.0 available at C:/Xilinx/Vivado/2022.2/data/xhub/boards/XilinxBoardStore/boards/Xilinx/vcu128/production/1.0/board.xml as part xcvu37p-fsvh2892-2l-e specified in board_part file is either invalid or not available
WARNING: [Board 49-26] cannot add Board Part xilinx.com:vcu129:part0:1.0 available at C:/Xilinx/Vivado/2022.2/data/xhub/boards/XilinxBoardStore/boards/Xilinx/vcu129/production/1.0/board.xml as part xcvu29p-fsga2577-2l-e specified in board_part file is either invalid or not available
WARNING: [Board 49-26] cannot add Board Part xilinx.com:vcu1525:part0:1.3 available at C:/Xilinx/Vivado/2022.2/data/xhub/boards/XilinxBoardStore/boards/Xilinx/vcu1525/1.3/board.xml as part xcvu9p-fsgd2104-2l-e specified in board_part file is either invalid or not available
WARNING: [Board 49-26] cannot add Board Part xilinx.com:vek280_es:part0:1.0 available at C:/Xilinx/Vivado/2022.2/data/xhub/boards/XilinxBoardStore/boards/Xilinx/vek280/es/1.0/board.xml as part xcve2802-vsvh1760-2lp-e-s-es1 specified in board_part file is either invalid or not available
WARNING: [Board 49-26] cannot add Board Part xilinx.com:vermeo_t1_mpsoc:part0:1.0 available at C:/Xilinx/Vivado/2022.2/data/xhub/boards/XilinxBoardStore/boards/Xilinx/vermeo_t1_mpsoc/1.0/board.xml as part xczu19eg-ffvd1760-2l-e specified in board_part file is either invalid or not available
WARNING: [Board 49-26] cannot add Board Part xilinx.com:vermeo_t1_rfsoc:part0:1.0 available at C:/Xilinx/Vivado/2022.2/data/xhub/boards/XilinxBoardStore/boards/Xilinx/vermeo_t1_rfsoc/1.0/board.xml as part xczu21dr-ffvd1156-2l-e specified in board_part file is either invalid or not available
WARNING: [Board 49-26] cannot add Board Part xilinx.com:vhk158_es:part0:1.0 available at C:/Xilinx/Vivado/2022.2/data/xhub/boards/XilinxBoardStore/boards/Xilinx/vhk158/es/1.0/board.xml as part xcvh1582-vsva3697-2mp-e-s-es1 specified in board_part file is either invalid or not available
WARNING: [Board 49-26] cannot add Board Part xilinx.com:vmk180:part0:2.2 available at C:/Xilinx/Vivado/2022.2/data/xhub/boards/XilinxBoardStore/boards/Xilinx/vmk180/production/2.2/board.xml as part xcvm1802-vsva2197-2mp-e-s specified in board_part file is either invalid or not available
WARNING: [Board 49-26] cannot add Board Part xilinx.com:vmk180:part0:3.0 available at C:/Xilinx/Vivado/2022.2/data/xhub/boards/XilinxBoardStore/boards/Xilinx/vmk180/production/3.0/board.xml as part xcvm1802-vsva2197-2mp-e-s specified in board_part file is either invalid or not available
WARNING: [Board 49-26] cannot add Board Part xilinx.com:vmk180:part0:3.1 available at C:/Xilinx/Vivado/2022.2/data/xhub/boards/XilinxBoardStore/boards/Xilinx/vmk180/production/3.1/board.xml as part xcvm1802-vsva2197-2mp-e-s specified in board_part file is either invalid or not available
WARNING: [Board 49-26] cannot add Board Part xilinx.com:vmk180_newl:part0:1.0 available at C:/Xilinx/Vivado/2022.2/data/xhub/boards/XilinxBoardStore/boards/Xilinx/vmk180_newl/production/1.0/board.xml as part xcvm1802-vsva2197-2mp-e-s specified in board_part file is either invalid or not available
WARNING: [Board 49-26] cannot add Board Part xilinx.com:vpk120:part0:1.0 available at C:/Xilinx/Vivado/2022.2/data/xhub/boards/XilinxBoardStore/boards/Xilinx/vpk120/production/1.0/board.xml as part xcvp1202-vsva2785-2mp-e-s specified in board_part file is either invalid or not available
WARNING: [Board 49-26] cannot add Board Part xilinx.com:vpk120_es:part0:1.2 available at C:/Xilinx/Vivado/2022.2/data/xhub/boards/XilinxBoardStore/boards/Xilinx/vpk120/es/1.2/board.xml as part xcvp1202-vsva2785-2mp-e-s-es1 specified in board_part file is either invalid or not available
WARNING: [Board 49-26] cannot add Board Part xilinx.com:vpk120_es_revb:part0:1.0 available at C:/Xilinx/Vivado/2022.2/data/xhub/boards/XilinxBoardStore/boards/Xilinx/vpk120_revb/es/1.0/board.xml as part xcvp1202-vsva2785-2mp-e-s-es1 specified in board_part file is either invalid or not available
WARNING: [Board 49-26] cannot add Board Part xilinx.com:vpk180_es:part0:1.0 available at C:/Xilinx/Vivado/2022.2/data/xhub/boards/XilinxBoardStore/boards/Xilinx/vpk180/es/1.0/board.xml as part xcvp1802-lsvc4072-2mp-e-s-es1 specified in board_part file is either invalid or not available
WARNING: [Board 49-26] cannot add Board Part xilinx.com:zc706:part0:1.4 available at C:/Xilinx/Vivado/2022.2/data/xhub/boards/XilinxBoardStore/boards/Xilinx/zc706/1.4/board.xml as part xc7z045ffg900-2 specified in board_part file is either invalid or not available
WARNING: [Board 49-26] cannot add Board Part xilinx.com:zcu102:part0:3.3 available at C:/Xilinx/Vivado/2022.2/data/xhub/boards/XilinxBoardStore/boards/Xilinx/zcu102/3.3/board.xml as part xczu9eg-ffvb1156-2-e specified in board_part file is either invalid or not available
WARNING: [Board 49-26] cannot add Board Part xilinx.com:zcu102:part0:3.4 available at C:/Xilinx/Vivado/2022.2/data/xhub/boards/XilinxBoardStore/boards/Xilinx/zcu102/3.4/board.xml as part xczu9eg-ffvb1156-2-e specified in board_part file is either invalid or not available
WARNING: [Board 49-26] cannot add Board Part xilinx.com:zcu111:part0:1.2 available at C:/Xilinx/Vivado/2022.2/data/xhub/boards/XilinxBoardStore/boards/Xilinx/zcu111/1.2/board.xml as part xczu28dr-ffvg1517-2-e specified in board_part file is either invalid or not available
WARNING: [Board 49-26] cannot add Board Part xilinx.com:zcu111:part0:1.3 available at C:/Xilinx/Vivado/2022.2/data/xhub/boards/XilinxBoardStore/boards/Xilinx/zcu111/1.3/board.xml as part xczu28dr-ffvg1517-2-e specified in board_part file is either invalid or not available
WARNING: [Board 49-26] cannot add Board Part xilinx.com:zcu111:part0:1.4 available at C:/Xilinx/Vivado/2022.2/data/xhub/boards/XilinxBoardStore/boards/Xilinx/zcu111/1.4/board.xml as part xczu28dr-ffvg1517-2-e specified in board_part file is either invalid or not available
WARNING: [Board 49-26] cannot add Board Part xilinx.com:zcu1275:part0:1.0 available at C:/Xilinx/Vivado/2022.2/data/xhub/boards/XilinxBoardStore/boards/Xilinx/zcu1275/1.0/board.xml as part xczu29dr-ffvf1760-2-e specified in board_part file is either invalid or not available
WARNING: [Board 49-26] cannot add Board Part xilinx.com:zcu1285:part0:1.0 available at C:/Xilinx/Vivado/2022.2/data/xhub/boards/XilinxBoardStore/boards/Xilinx/zcu1285/1.0/board.xml as part xczu39dr-ffvf1760-2-i specified in board_part file is either invalid or not available
WARNING: [Board 49-26] cannot add Board Part xilinx.com:zcu208:part0:2.0 available at C:/Xilinx/Vivado/2022.2/data/xhub/boards/XilinxBoardStore/boards/Xilinx/zcu208/production/2.0/board.xml as part xczu48dr-fsvg1517-2-e specified in board_part file is either invalid or not available
WARNING: [Board 49-26] cannot add Board Part xilinx.com:zcu208ld:part0:2.0 available at C:/Xilinx/Vivado/2022.2/data/xhub/boards/XilinxBoardStore/boards/Xilinx/zcu208ld/production/2.0/board.xml as part xczu58dr-fsvg1517-2-i specified in board_part file is either invalid or not available
WARNING: [Board 49-26] cannot add Board Part xilinx.com:zcu216:part0:2.0 available at C:/Xilinx/Vivado/2022.2/data/xhub/boards/XilinxBoardStore/boards/Xilinx/zcu216/production/2.0/board.xml as part xczu49dr-ffvf1760-2-e specified in board_part file is either invalid or not available
WARNING: [Board 49-26] cannot add Board Part xilinx.com:zcu216ld:part0:2.0 available at C:/Xilinx/Vivado/2022.2/data/xhub/boards/XilinxBoardStore/boards/Xilinx/zcu216ld/production/2.0/board.xml as part xczu59dr-ffvf1760-2-i specified in board_part file is either invalid or not available
WARNING: [Board 49-26] cannot add Board Part xilinx.com:zcu670:part0:2.0 available at C:/Xilinx/Vivado/2022.2/data/xhub/boards/XilinxBoardStore/boards/Xilinx/zcu670/2.0/board.xml as part xczu67dr-fsve1156-2-i specified in board_part file is either invalid or not available
WARNING: [Board 49-26] cannot add Board Part xilinx.com:zcu670ld:part0:1.0 available at C:/Xilinx/Vivado/2022.2/data/xhub/boards/XilinxBoardStore/boards/Xilinx/zcu670ld/1.0/board.xml as part xczu57dr-fsve1156-2-i specified in board_part file is either invalid or not available
INFO: [Project 1-313] Project file moved from 'X:/Studia/sem_m_2/KwPUS/KonwerterLiczb' since last save.
Scanning sources...
Finished scanning sources
INFO: [IP_Flow 19-234] Refreshing IP repositories
INFO: [IP_Flow 19-1704] No user IP repositories specified
INFO: [IP_Flow 19-2313] Loaded Vivado IP repository 'C:/Xilinx/Vivado/2022.2/data/ip'.
open_project: Time (s): cpu = 00:00:37 ; elapsed = 00:00:17 . Memory (MB): peak = 1164.531 ; gain = 343.605
update_compile_order -fileset sources_1
reset_run synth_1
INFO: [Project 1-1161] Replacing file C:/Users/Jakub/Desktop/KonwerterLiczb/KonwerterLiczb.srcs/utils_1/imports/synth_1/klawiatura.dcp with file C:/Users/Jakub/Desktop/KonwerterLiczb/KonwerterLiczb.runs/synth_1/top.dcp
launch_runs impl_1 -to_step write_bitstream -jobs 4
[Fri Nov 25 16:36:17 2022] Launched synth_1...
Run output will be captured here: C:/Users/Jakub/Desktop/KonwerterLiczb/KonwerterLiczb.runs/synth_1/runme.log
[Fri Nov 25 16:36:17 2022] Launched impl_1...
Run output will be captured here: C:/Users/Jakub/Desktop/KonwerterLiczb/KonwerterLiczb.runs/impl_1/runme.log
open_hw_manager
connect_hw_server -allow_non_jtag
INFO: [Labtools 27-2285] Connecting to hw_server url TCP:localhost:3121
INFO: [Labtools 27-2222] Launching hw_server...
INFO: [Labtools 27-2221] Launch Output:

****** Xilinx hw_server v2022.2
  **** Build date : Oct 14 2022 at 05:18:10
    ** Copyright 1986-2022 Xilinx, Inc. All Rights Reserved.


INFO: [Labtools 27-3415] Connecting to cs_server url TCP:localhost:0
INFO: [Labtools 27-3417] Launching cs_server...
INFO: [Labtools 27-2221] Launch Output:


******** Xilinx cs_server v2022.2.0
  ****** Build date   : Oct 05 2022-01:25:37
    **** Build number : 2022.2.1664925937
      ** Copyright 2017-2022 Xilinx, Inc. All Rights Reserved.



connect_hw_server: Time (s): cpu = 00:00:02 ; elapsed = 00:00:06 . Memory (MB): peak = 1202.855 ; gain = 7.906
open_hw_target
INFO: [Labtoolstcl 44-466] Opening hw_target localhost:3121/xilinx_tcf/Digilent/210183AA0B3EA
open_hw_target: Time (s): cpu = 00:00:08 ; elapsed = 00:00:09 . Memory (MB): peak = 3363.066 ; gain = 2160.211
set_property PROGRAM.FILE {C:/Users/Jakub/Desktop/KonwerterLiczb/KonwerterLiczb.runs/impl_1/top.bit} [get_hw_devices xc7a35t_0]
set_property PROBES.FILE {C:/Users/Jakub/Desktop/KonwerterLiczb/KonwerterLiczb.runs/impl_1/top.ltx} [get_hw_devices xc7a35t_0]
set_property FULL_PROBES.FILE {C:/Users/Jakub/Desktop/KonwerterLiczb/KonwerterLiczb.runs/impl_1/top.ltx} [get_hw_devices xc7a35t_0]
current_hw_device [get_hw_devices xc7a35t_0]
refresh_hw_device [lindex [get_hw_devices xc7a35t_0] 0]
INFO: [Labtools 27-2302] Device xc7a35t (JTAG device index = 0) is programmed with a design that has 1 ILA core(s).
display_hw_ila_data [ get_hw_ila_data hw_ila_data_1 -of_objects [get_hw_ilas -of_objects [get_hw_devices xc7a35t_0] -filter {CELL_NAME=~"ela"}]]
WARNING: Simulation object LED_OBUF was not found in the design.
set_property PROBES.FILE {C:/Users/Jakub/Desktop/KonwerterLiczb/KonwerterLiczb.runs/impl_1/top.ltx} [get_hw_devices xc7a35t_0]
set_property FULL_PROBES.FILE {C:/Users/Jakub/Desktop/KonwerterLiczb/KonwerterLiczb.runs/impl_1/top.ltx} [get_hw_devices xc7a35t_0]
set_property PROGRAM.FILE {C:/Users/Jakub/Desktop/KonwerterLiczb/KonwerterLiczb.runs/impl_1/top.bit} [get_hw_devices xc7a35t_0]
program_hw_devices [get_hw_devices xc7a35t_0]
INFO: [Labtools 27-3164] End of startup status: HIGH
refresh_hw_device [lindex [get_hw_devices xc7a35t_0] 0]
INFO: [Labtools 27-2302] Device xc7a35t (JTAG device index = 0) is programmed with a design that has 1 ILA core(s).
close [ open C:/Users/Jakub/Desktop/KonwerterLiczb/KonwerterLiczb.srcs/sources_1/new/switch_decoder.v w ]
add_files C:/Users/Jakub/Desktop/KonwerterLiczb/KonwerterLiczb.srcs/sources_1/new/switch_decoder.v
update_compile_order -fileset sources_1
update_compile_order -fileset sources_1
reset_run synth_1
INFO: [Project 1-1161] Replacing file C:/Users/Jakub/Desktop/KonwerterLiczb/KonwerterLiczb.srcs/utils_1/imports/synth_1/klawiatura.dcp with file C:/Users/Jakub/Desktop/KonwerterLiczb/KonwerterLiczb.runs/synth_1/top.dcp
launch_runs impl_1 -to_step write_bitstream -jobs 4
[Fri Nov 25 17:48:17 2022] Launched synth_1...
Run output will be captured here: C:/Users/Jakub/Desktop/KonwerterLiczb/KonwerterLiczb.runs/synth_1/runme.log
[Fri Nov 25 17:48:17 2022] Launched impl_1...
Run output will be captured here: C:/Users/Jakub/Desktop/KonwerterLiczb/KonwerterLiczb.runs/impl_1/runme.log
reset_run synth_1
launch_runs impl_1 -to_step write_bitstream -jobs 4
[Fri Nov 25 17:49:33 2022] Launched synth_1...
Run output will be captured here: C:/Users/Jakub/Desktop/KonwerterLiczb/KonwerterLiczb.runs/synth_1/runme.log
[Fri Nov 25 17:49:33 2022] Launched impl_1...
Run output will be captured here: C:/Users/Jakub/Desktop/KonwerterLiczb/KonwerterLiczb.runs/impl_1/runme.log
WARNING: [IP_Flow 19-4067] Ignoring invalid widget type specified checkbox.Providing a default widget
WARNING: [IP_Flow 19-4067] Ignoring invalid widget type specified checkbox.Providing a default widget
set_property -dict [list \
  CONFIG.C_NUM_OF_PROBES {6} \
  CONFIG.C_PROBE5_WIDTH {4} \
] [get_ips ILA]
generate_target all [get_files  C:/Users/Jakub/Desktop/KonwerterLiczb/KonwerterLiczb.srcs/sources_1/ip/ILA/ILA.xci]
INFO: [IP_Flow 19-1686] Generating 'Instantiation Template' target for IP 'ILA'...
INFO: [IP_Flow 19-1686] Generating 'Synthesis' target for IP 'ILA'...
WARNING: [IP_Flow 19-4994] Overwriting existing constraint file 'c:/Users/Jakub/Desktop/KonwerterLiczb/KonwerterLiczb.gen/sources_1/ip/ILA/ILA_ooc.xdc'
INFO: [IP_Flow 19-1686] Generating 'Simulation' target for IP 'ILA'...
INFO: [IP_Flow 19-1686] Generating 'Implementation' target for IP 'ILA'...
INFO: [IP_Flow 19-1686] Generating 'Change Log' target for IP 'ILA'...
catch { config_ip_cache -export [get_ips -all ILA] }
INFO: [IP_Flow 19-6924] IPCACHE: Running cache check for IP inst: ILA
export_ip_user_files -of_objects [get_files C:/Users/Jakub/Desktop/KonwerterLiczb/KonwerterLiczb.srcs/sources_1/ip/ILA/ILA.xci] -no_script -sync -force -quiet
reset_run ILA_synth_1
WARNING: [Vivado 12-1017] Problems encountered:
1. Failed to delete one or more files in run directory C:/Users/Jakub/Desktop/KonwerterLiczb/KonwerterLiczb.runs/ILA_synth_1

launch_runs ILA_synth_1 -jobs 4
INFO: [IP_Flow 19-6924] IPCACHE: Running cache check for IP inst: ILA
[Fri Nov 25 17:51:19 2022] Launched ILA_synth_1...
Run output will be captured here: C:/Users/Jakub/Desktop/KonwerterLiczb/KonwerterLiczb.runs/ILA_synth_1/runme.log
export_simulation -of_objects [get_files C:/Users/Jakub/Desktop/KonwerterLiczb/KonwerterLiczb.srcs/sources_1/ip/ILA/ILA.xci] -directory C:/Users/Jakub/Desktop/KonwerterLiczb/KonwerterLiczb.ip_user_files/sim_scripts -ip_user_files_dir C:/Users/Jakub/Desktop/KonwerterLiczb/KonwerterLiczb.ip_user_files -ipstatic_source_dir C:/Users/Jakub/Desktop/KonwerterLiczb/KonwerterLiczb.ip_user_files/ipstatic -lib_map_path [list {modelsim=C:/Users/Jakub/Desktop/KonwerterLiczb/KonwerterLiczb.cache/compile_simlib/modelsim} {questa=C:/Users/Jakub/Desktop/KonwerterLiczb/KonwerterLiczb.cache/compile_simlib/questa} {riviera=C:/Users/Jakub/Desktop/KonwerterLiczb/KonwerterLiczb.cache/compile_simlib/riviera} {activehdl=C:/Users/Jakub/Desktop/KonwerterLiczb/KonwerterLiczb.cache/compile_simlib/activehdl}] -use_ip_compiled_libs -force -quiet
set_property -dict [list \
  CONFIG.USE_LOCKED {false} \
  CONFIG.USE_RESET {false} \
] [get_ips czarodziej]
generate_target all [get_files  C:/Users/Jakub/Desktop/KonwerterLiczb/KonwerterLiczb.srcs/sources_1/ip/czarodziej/czarodziej.xci]
INFO: [IP_Flow 19-1686] Generating 'Instantiation Template' target for IP 'czarodziej'...
INFO: [IP_Flow 19-1686] Generating 'Synthesis' target for IP 'czarodziej'...
INFO: [IP_Flow 19-1686] Generating 'Simulation' target for IP 'czarodziej'...
INFO: [IP_Flow 19-1686] Generating 'Implementation' target for IP 'czarodziej'...
INFO: [IP_Flow 19-1686] Generating 'Change Log' target for IP 'czarodziej'...
catch { config_ip_cache -export [get_ips -all czarodziej] }
INFO: [IP_Flow 19-6924] IPCACHE: Running cache check for IP inst: czarodziej
export_ip_user_files -of_objects [get_files C:/Users/Jakub/Desktop/KonwerterLiczb/KonwerterLiczb.srcs/sources_1/ip/czarodziej/czarodziej.xci] -no_script -sync -force -quiet
reset_run czarodziej_synth_1
WARNING: [Vivado 12-1017] Problems encountered:
1. Failed to delete one or more files in run directory C:/Users/Jakub/Desktop/KonwerterLiczb/KonwerterLiczb.runs/czarodziej_synth_1

launch_runs czarodziej_synth_1 -jobs 4
INFO: [IP_Flow 19-6924] IPCACHE: Running cache check for IP inst: czarodziej
[Fri Nov 25 17:52:55 2022] Launched czarodziej_synth_1...
Run output will be captured here: C:/Users/Jakub/Desktop/KonwerterLiczb/KonwerterLiczb.runs/czarodziej_synth_1/runme.log
export_simulation -of_objects [get_files C:/Users/Jakub/Desktop/KonwerterLiczb/KonwerterLiczb.srcs/sources_1/ip/czarodziej/czarodziej.xci] -directory C:/Users/Jakub/Desktop/KonwerterLiczb/KonwerterLiczb.ip_user_files/sim_scripts -ip_user_files_dir C:/Users/Jakub/Desktop/KonwerterLiczb/KonwerterLiczb.ip_user_files -ipstatic_source_dir C:/Users/Jakub/Desktop/KonwerterLiczb/KonwerterLiczb.ip_user_files/ipstatic -lib_map_path [list {modelsim=C:/Users/Jakub/Desktop/KonwerterLiczb/KonwerterLiczb.cache/compile_simlib/modelsim} {questa=C:/Users/Jakub/Desktop/KonwerterLiczb/KonwerterLiczb.cache/compile_simlib/questa} {riviera=C:/Users/Jakub/Desktop/KonwerterLiczb/KonwerterLiczb.cache/compile_simlib/riviera} {activehdl=C:/Users/Jakub/Desktop/KonwerterLiczb/KonwerterLiczb.cache/compile_simlib/activehdl}] -use_ip_compiled_libs -force -quiet
reset_run synth_1
INFO: [Project 1-1161] Replacing file C:/Users/Jakub/Desktop/KonwerterLiczb/KonwerterLiczb.srcs/utils_1/imports/synth_1/klawiatura.dcp with file C:/Users/Jakub/Desktop/KonwerterLiczb/KonwerterLiczb.runs/synth_1/top.dcp
WARNING: [Vivado 12-1017] Problems encountered:
1. Failed to delete one or more files in run directory C:/Users/Jakub/Desktop/KonwerterLiczb/KonwerterLiczb.runs/synth_1

launch_runs impl_1 -to_step write_bitstream -jobs 4
[Fri Nov 25 17:53:47 2022] Launched czarodziej_synth_1, ILA_synth_1, synth_1...
Run output will be captured here:
czarodziej_synth_1: C:/Users/Jakub/Desktop/KonwerterLiczb/KonwerterLiczb.runs/czarodziej_synth_1/runme.log
ILA_synth_1: C:/Users/Jakub/Desktop/KonwerterLiczb/KonwerterLiczb.runs/ILA_synth_1/runme.log
synth_1: C:/Users/Jakub/Desktop/KonwerterLiczb/KonwerterLiczb.runs/synth_1/runme.log
[Fri Nov 25 17:53:47 2022] Launched impl_1...
Run output will be captured here: C:/Users/Jakub/Desktop/KonwerterLiczb/KonwerterLiczb.runs/impl_1/runme.log
set_property PROBES.FILE {C:/Users/Jakub/Desktop/KonwerterLiczb/KonwerterLiczb.runs/impl_1/top.ltx} [get_hw_devices xc7a35t_0]
set_property FULL_PROBES.FILE {C:/Users/Jakub/Desktop/KonwerterLiczb/KonwerterLiczb.runs/impl_1/top.ltx} [get_hw_devices xc7a35t_0]
set_property PROGRAM.FILE {C:/Users/Jakub/Desktop/KonwerterLiczb/KonwerterLiczb.runs/impl_1/top.bit} [get_hw_devices xc7a35t_0]
program_hw_devices [get_hw_devices xc7a35t_0]
INFO: [Labtools 27-3164] End of startup status: HIGH
refresh_hw_device [lindex [get_hw_devices xc7a35t_0] 0]
INFO: [Labtools 27-2302] Device xc7a35t (JTAG device index = 0) is programmed with a design that has 1 ILA core(s).
add_wave -into {hw_ila_data_1.wcfg} -radix hex { {kod_switchy} }
run_hw_ila [get_hw_ilas -of_objects [get_hw_devices xc7a35t_0] -filter {CELL_NAME=~"ela"}]
INFO: [Labtools 27-1964] The ILA core 'hw_ila_1' trigger was armed at 2022-Nov-25 17:59:48
wait_on_hw_ila [get_hw_ilas -of_objects [get_hw_devices xc7a35t_0] -filter {CELL_NAME=~"ela"}]
display_hw_ila_data [upload_hw_ila_data [get_hw_ilas -of_objects [get_hw_devices xc7a35t_0] -filter {CELL_NAME=~"ela"}]]
INFO: [Labtools 27-1966] The ILA core 'hw_ila_1' triggered at 2022-Nov-25 17:59:48
INFO: [Labtools 27-3304] ILA Waveform data saved to file C:/Users/Jakub/Desktop/KonwerterLiczb/KonwerterLiczb.hw/backup/hw_ila_data_1.ila. Use Tcl command 'read_hw_ila_data' or Vivado File->Import->Import ILA Data menu item to import the previously saved data.
run_hw_ila [get_hw_ilas -of_objects [get_hw_devices xc7a35t_0] -filter {CELL_NAME=~"ela"}]
INFO: [Labtools 27-1964] The ILA core 'hw_ila_1' trigger was armed at 2022-Nov-25 18:00:05
wait_on_hw_ila [get_hw_ilas -of_objects [get_hw_devices xc7a35t_0] -filter {CELL_NAME=~"ela"}]
display_hw_ila_data [upload_hw_ila_data [get_hw_ilas -of_objects [get_hw_devices xc7a35t_0] -filter {CELL_NAME=~"ela"}]]
INFO: [Labtools 27-1966] The ILA core 'hw_ila_1' triggered at 2022-Nov-25 18:00:05
INFO: [Labtools 27-3304] ILA Waveform data saved to file C:/Users/Jakub/Desktop/KonwerterLiczb/KonwerterLiczb.hw/backup/hw_ila_data_1.ila. Use Tcl command 'read_hw_ila_data' or Vivado File->Import->Import ILA Data menu item to import the previously saved data.
run_hw_ila [get_hw_ilas -of_objects [get_hw_devices xc7a35t_0] -filter {CELL_NAME=~"ela"}]
INFO: [Labtools 27-1964] The ILA core 'hw_ila_1' trigger was armed at 2022-Nov-25 18:00:13
wait_on_hw_ila [get_hw_ilas -of_objects [get_hw_devices xc7a35t_0] -filter {CELL_NAME=~"ela"}]
display_hw_ila_data [upload_hw_ila_data [get_hw_ilas -of_objects [get_hw_devices xc7a35t_0] -filter {CELL_NAME=~"ela"}]]
INFO: [Labtools 27-1966] The ILA core 'hw_ila_1' triggered at 2022-Nov-25 18:00:13
INFO: [Labtools 27-3304] ILA Waveform data saved to file C:/Users/Jakub/Desktop/KonwerterLiczb/KonwerterLiczb.hw/backup/hw_ila_data_1.ila. Use Tcl command 'read_hw_ila_data' or Vivado File->Import->Import ILA Data menu item to import the previously saved data.
run_hw_ila [get_hw_ilas -of_objects [get_hw_devices xc7a35t_0] -filter {CELL_NAME=~"ela"}]
INFO: [Labtools 27-1964] The ILA core 'hw_ila_1' trigger was armed at 2022-Nov-25 18:00:23
wait_on_hw_ila [get_hw_ilas -of_objects [get_hw_devices xc7a35t_0] -filter {CELL_NAME=~"ela"}]
display_hw_ila_data [upload_hw_ila_data [get_hw_ilas -of_objects [get_hw_devices xc7a35t_0] -filter {CELL_NAME=~"ela"}]]
INFO: [Labtools 27-1966] The ILA core 'hw_ila_1' triggered at 2022-Nov-25 18:00:23
INFO: [Labtools 27-3304] ILA Waveform data saved to file C:/Users/Jakub/Desktop/KonwerterLiczb/KonwerterLiczb.hw/backup/hw_ila_data_1.ila. Use Tcl command 'read_hw_ila_data' or Vivado File->Import->Import ILA Data menu item to import the previously saved data.
run_hw_ila [get_hw_ilas -of_objects [get_hw_devices xc7a35t_0] -filter {CELL_NAME=~"ela"}]
INFO: [Labtools 27-1964] The ILA core 'hw_ila_1' trigger was armed at 2022-Nov-25 18:00:30
wait_on_hw_ila [get_hw_ilas -of_objects [get_hw_devices xc7a35t_0] -filter {CELL_NAME=~"ela"}]
display_hw_ila_data [upload_hw_ila_data [get_hw_ilas -of_objects [get_hw_devices xc7a35t_0] -filter {CELL_NAME=~"ela"}]]
INFO: [Labtools 27-1966] The ILA core 'hw_ila_1' triggered at 2022-Nov-25 18:00:30
INFO: [Labtools 27-3304] ILA Waveform data saved to file C:/Users/Jakub/Desktop/KonwerterLiczb/KonwerterLiczb.hw/backup/hw_ila_data_1.ila. Use Tcl command 'read_hw_ila_data' or Vivado File->Import->Import ILA Data menu item to import the previously saved data.
reset_run synth_1
INFO: [Project 1-1161] Replacing file C:/Users/Jakub/Desktop/KonwerterLiczb/KonwerterLiczb.srcs/utils_1/imports/synth_1/klawiatura.dcp with file C:/Users/Jakub/Desktop/KonwerterLiczb/KonwerterLiczb.runs/synth_1/top.dcp
launch_runs impl_1 -to_step write_bitstream -jobs 4
[Fri Nov 25 18:01:37 2022] Launched synth_1...
Run output will be captured here: C:/Users/Jakub/Desktop/KonwerterLiczb/KonwerterLiczb.runs/synth_1/runme.log
[Fri Nov 25 18:01:37 2022] Launched impl_1...
Run output will be captured here: C:/Users/Jakub/Desktop/KonwerterLiczb/KonwerterLiczb.runs/impl_1/runme.log
set_property PROBES.FILE {C:/Users/Jakub/Desktop/KonwerterLiczb/KonwerterLiczb.runs/impl_1/top.ltx} [get_hw_devices xc7a35t_0]
set_property FULL_PROBES.FILE {C:/Users/Jakub/Desktop/KonwerterLiczb/KonwerterLiczb.runs/impl_1/top.ltx} [get_hw_devices xc7a35t_0]
set_property PROGRAM.FILE {C:/Users/Jakub/Desktop/KonwerterLiczb/KonwerterLiczb.runs/impl_1/top.bit} [get_hw_devices xc7a35t_0]
program_hw_devices [get_hw_devices xc7a35t_0]
INFO: [Labtools 27-3164] End of startup status: HIGH
refresh_hw_device [lindex [get_hw_devices xc7a35t_0] 0]
INFO: [Labtools 27-2302] Device xc7a35t (JTAG device index = 0) is programmed with a design that has 1 ILA core(s).
run_hw_ila [get_hw_ilas -of_objects [get_hw_devices xc7a35t_0] -filter {CELL_NAME=~"ela"}]
INFO: [Labtools 27-1964] The ILA core 'hw_ila_1' trigger was armed at 2022-Nov-25 18:06:18
wait_on_hw_ila [get_hw_ilas -of_objects [get_hw_devices xc7a35t_0] -filter {CELL_NAME=~"ela"}]
display_hw_ila_data [upload_hw_ila_data [get_hw_ilas -of_objects [get_hw_devices xc7a35t_0] -filter {CELL_NAME=~"ela"}]]
INFO: [Labtools 27-1966] The ILA core 'hw_ila_1' triggered at 2022-Nov-25 18:06:18
INFO: [Labtools 27-3304] ILA Waveform data saved to file C:/Users/Jakub/Desktop/KonwerterLiczb/KonwerterLiczb.hw/backup/hw_ila_data_1.ila. Use Tcl command 'read_hw_ila_data' or Vivado File->Import->Import ILA Data menu item to import the previously saved data.
run_hw_ila [get_hw_ilas -of_objects [get_hw_devices xc7a35t_0] -filter {CELL_NAME=~"ela"}]
INFO: [Labtools 27-1964] The ILA core 'hw_ila_1' trigger was armed at 2022-Nov-25 18:06:24
wait_on_hw_ila [get_hw_ilas -of_objects [get_hw_devices xc7a35t_0] -filter {CELL_NAME=~"ela"}]
display_hw_ila_data [upload_hw_ila_data [get_hw_ilas -of_objects [get_hw_devices xc7a35t_0] -filter {CELL_NAME=~"ela"}]]
INFO: [Labtools 27-1966] The ILA core 'hw_ila_1' triggered at 2022-Nov-25 18:06:24
INFO: [Labtools 27-3304] ILA Waveform data saved to file C:/Users/Jakub/Desktop/KonwerterLiczb/KonwerterLiczb.hw/backup/hw_ila_data_1.ila. Use Tcl command 'read_hw_ila_data' or Vivado File->Import->Import ILA Data menu item to import the previously saved data.
run_hw_ila [get_hw_ilas -of_objects [get_hw_devices xc7a35t_0] -filter {CELL_NAME=~"ela"}]
INFO: [Labtools 27-1964] The ILA core 'hw_ila_1' trigger was armed at 2022-Nov-25 18:06:28
wait_on_hw_ila [get_hw_ilas -of_objects [get_hw_devices xc7a35t_0] -filter {CELL_NAME=~"ela"}]
display_hw_ila_data [upload_hw_ila_data [get_hw_ilas -of_objects [get_hw_devices xc7a35t_0] -filter {CELL_NAME=~"ela"}]]
INFO: [Labtools 27-1966] The ILA core 'hw_ila_1' triggered at 2022-Nov-25 18:06:28
INFO: [Labtools 27-3304] ILA Waveform data saved to file C:/Users/Jakub/Desktop/KonwerterLiczb/KonwerterLiczb.hw/backup/hw_ila_data_1.ila. Use Tcl command 'read_hw_ila_data' or Vivado File->Import->Import ILA Data menu item to import the previously saved data.
run_hw_ila [get_hw_ilas -of_objects [get_hw_devices xc7a35t_0] -filter {CELL_NAME=~"ela"}]
INFO: [Labtools 27-1964] The ILA core 'hw_ila_1' trigger was armed at 2022-Nov-25 18:06:31
wait_on_hw_ila [get_hw_ilas -of_objects [get_hw_devices xc7a35t_0] -filter {CELL_NAME=~"ela"}]
display_hw_ila_data [upload_hw_ila_data [get_hw_ilas -of_objects [get_hw_devices xc7a35t_0] -filter {CELL_NAME=~"ela"}]]
INFO: [Labtools 27-1966] The ILA core 'hw_ila_1' triggered at 2022-Nov-25 18:06:31
INFO: [Labtools 27-3304] ILA Waveform data saved to file C:/Users/Jakub/Desktop/KonwerterLiczb/KonwerterLiczb.hw/backup/hw_ila_data_1.ila. Use Tcl command 'read_hw_ila_data' or Vivado File->Import->Import ILA Data menu item to import the previously saved data.
run_hw_ila [get_hw_ilas -of_objects [get_hw_devices xc7a35t_0] -filter {CELL_NAME=~"ela"}]
INFO: [Labtools 27-1964] The ILA core 'hw_ila_1' trigger was armed at 2022-Nov-25 18:06:35
wait_on_hw_ila [get_hw_ilas -of_objects [get_hw_devices xc7a35t_0] -filter {CELL_NAME=~"ela"}]
display_hw_ila_data [upload_hw_ila_data [get_hw_ilas -of_objects [get_hw_devices xc7a35t_0] -filter {CELL_NAME=~"ela"}]]
INFO: [Labtools 27-1966] The ILA core 'hw_ila_1' triggered at 2022-Nov-25 18:06:35
INFO: [Labtools 27-3304] ILA Waveform data saved to file C:/Users/Jakub/Desktop/KonwerterLiczb/KonwerterLiczb.hw/backup/hw_ila_data_1.ila. Use Tcl command 'read_hw_ila_data' or Vivado File->Import->Import ILA Data menu item to import the previously saved data.
run_hw_ila [get_hw_ilas -of_objects [get_hw_devices xc7a35t_0] -filter {CELL_NAME=~"ela"}]
INFO: [Labtools 27-1964] The ILA core 'hw_ila_1' trigger was armed at 2022-Nov-25 18:06:41
wait_on_hw_ila [get_hw_ilas -of_objects [get_hw_devices xc7a35t_0] -filter {CELL_NAME=~"ela"}]
display_hw_ila_data [upload_hw_ila_data [get_hw_ilas -of_objects [get_hw_devices xc7a35t_0] -filter {CELL_NAME=~"ela"}]]
INFO: [Labtools 27-1966] The ILA core 'hw_ila_1' triggered at 2022-Nov-25 18:06:41
INFO: [Labtools 27-3304] ILA Waveform data saved to file C:/Users/Jakub/Desktop/KonwerterLiczb/KonwerterLiczb.hw/backup/hw_ila_data_1.ila. Use Tcl command 'read_hw_ila_data' or Vivado File->Import->Import ILA Data menu item to import the previously saved data.
run_hw_ila [get_hw_ilas -of_objects [get_hw_devices xc7a35t_0] -filter {CELL_NAME=~"ela"}]
INFO: [Labtools 27-1964] The ILA core 'hw_ila_1' trigger was armed at 2022-Nov-25 18:06:49
wait_on_hw_ila [get_hw_ilas -of_objects [get_hw_devices xc7a35t_0] -filter {CELL_NAME=~"ela"}]
display_hw_ila_data [upload_hw_ila_data [get_hw_ilas -of_objects [get_hw_devices xc7a35t_0] -filter {CELL_NAME=~"ela"}]]
INFO: [Labtools 27-1966] The ILA core 'hw_ila_1' triggered at 2022-Nov-25 18:06:49
INFO: [Labtools 27-3304] ILA Waveform data saved to file C:/Users/Jakub/Desktop/KonwerterLiczb/KonwerterLiczb.hw/backup/hw_ila_data_1.ila. Use Tcl command 'read_hw_ila_data' or Vivado File->Import->Import ILA Data menu item to import the previously saved data.
run_hw_ila [get_hw_ilas -of_objects [get_hw_devices xc7a35t_0] -filter {CELL_NAME=~"ela"}]
INFO: [Labtools 27-1964] The ILA core 'hw_ila_1' trigger was armed at 2022-Nov-25 18:06:54
wait_on_hw_ila [get_hw_ilas -of_objects [get_hw_devices xc7a35t_0] -filter {CELL_NAME=~"ela"}]
display_hw_ila_data [upload_hw_ila_data [get_hw_ilas -of_objects [get_hw_devices xc7a35t_0] -filter {CELL_NAME=~"ela"}]]
INFO: [Labtools 27-1966] The ILA core 'hw_ila_1' triggered at 2022-Nov-25 18:06:54
INFO: [Labtools 27-3304] ILA Waveform data saved to file C:/Users/Jakub/Desktop/KonwerterLiczb/KonwerterLiczb.hw/backup/hw_ila_data_1.ila. Use Tcl command 'read_hw_ila_data' or Vivado File->Import->Import ILA Data menu item to import the previously saved data.
run_hw_ila [get_hw_ilas -of_objects [get_hw_devices xc7a35t_0] -filter {CELL_NAME=~"ela"}]
INFO: [Labtools 27-1964] The ILA core 'hw_ila_1' trigger was armed at 2022-Nov-25 18:06:58
wait_on_hw_ila [get_hw_ilas -of_objects [get_hw_devices xc7a35t_0] -filter {CELL_NAME=~"ela"}]
display_hw_ila_data [upload_hw_ila_data [get_hw_ilas -of_objects [get_hw_devices xc7a35t_0] -filter {CELL_NAME=~"ela"}]]
INFO: [Labtools 27-1966] The ILA core 'hw_ila_1' triggered at 2022-Nov-25 18:06:58
INFO: [Labtools 27-3304] ILA Waveform data saved to file C:/Users/Jakub/Desktop/KonwerterLiczb/KonwerterLiczb.hw/backup/hw_ila_data_1.ila. Use Tcl command 'read_hw_ila_data' or Vivado File->Import->Import ILA Data menu item to import the previously saved data.
run_hw_ila [get_hw_ilas -of_objects [get_hw_devices xc7a35t_0] -filter {CELL_NAME=~"ela"}]
INFO: [Labtools 27-1964] The ILA core 'hw_ila_1' trigger was armed at 2022-Nov-25 18:07:00
wait_on_hw_ila [get_hw_ilas -of_objects [get_hw_devices xc7a35t_0] -filter {CELL_NAME=~"ela"}]
display_hw_ila_data [upload_hw_ila_data [get_hw_ilas -of_objects [get_hw_devices xc7a35t_0] -filter {CELL_NAME=~"ela"}]]
INFO: [Labtools 27-1966] The ILA core 'hw_ila_1' triggered at 2022-Nov-25 18:07:01
INFO: [Labtools 27-3304] ILA Waveform data saved to file C:/Users/Jakub/Desktop/KonwerterLiczb/KonwerterLiczb.hw/backup/hw_ila_data_1.ila. Use Tcl command 'read_hw_ila_data' or Vivado File->Import->Import ILA Data menu item to import the previously saved data.
run_hw_ila [get_hw_ilas -of_objects [get_hw_devices xc7a35t_0] -filter {CELL_NAME=~"ela"}]
INFO: [Labtools 27-1964] The ILA core 'hw_ila_1' trigger was armed at 2022-Nov-25 18:07:04
wait_on_hw_ila [get_hw_ilas -of_objects [get_hw_devices xc7a35t_0] -filter {CELL_NAME=~"ela"}]
display_hw_ila_data [upload_hw_ila_data [get_hw_ilas -of_objects [get_hw_devices xc7a35t_0] -filter {CELL_NAME=~"ela"}]]
INFO: [Labtools 27-1966] The ILA core 'hw_ila_1' triggered at 2022-Nov-25 18:07:04
INFO: [Labtools 27-3304] ILA Waveform data saved to file C:/Users/Jakub/Desktop/KonwerterLiczb/KonwerterLiczb.hw/backup/hw_ila_data_1.ila. Use Tcl command 'read_hw_ila_data' or Vivado File->Import->Import ILA Data menu item to import the previously saved data.
run_hw_ila [get_hw_ilas -of_objects [get_hw_devices xc7a35t_0] -filter {CELL_NAME=~"ela"}]
INFO: [Labtools 27-1964] The ILA core 'hw_ila_1' trigger was armed at 2022-Nov-25 18:07:07
wait_on_hw_ila [get_hw_ilas -of_objects [get_hw_devices xc7a35t_0] -filter {CELL_NAME=~"ela"}]
display_hw_ila_data [upload_hw_ila_data [get_hw_ilas -of_objects [get_hw_devices xc7a35t_0] -filter {CELL_NAME=~"ela"}]]
INFO: [Labtools 27-1966] The ILA core 'hw_ila_1' triggered at 2022-Nov-25 18:07:07
INFO: [Labtools 27-3304] ILA Waveform data saved to file C:/Users/Jakub/Desktop/KonwerterLiczb/KonwerterLiczb.hw/backup/hw_ila_data_1.ila. Use Tcl command 'read_hw_ila_data' or Vivado File->Import->Import ILA Data menu item to import the previously saved data.
run_hw_ila [get_hw_ilas -of_objects [get_hw_devices xc7a35t_0] -filter {CELL_NAME=~"ela"}] -trigger_now
INFO: [Labtools 27-1964] The ILA core 'hw_ila_1' trigger was armed at 2022-Nov-25 18:21:07
wait_on_hw_ila [get_hw_ilas -of_objects [get_hw_devices xc7a35t_0] -filter {CELL_NAME=~"ela"}]
display_hw_ila_data [upload_hw_ila_data [get_hw_ilas -of_objects [get_hw_devices xc7a35t_0] -filter {CELL_NAME=~"ela"}]]
INFO: [Labtools 27-1966] The ILA core 'hw_ila_1' triggered at 2022-Nov-25 18:21:07
INFO: [Labtools 27-3304] ILA Waveform data saved to file C:/Users/Jakub/Desktop/KonwerterLiczb/KonwerterLiczb.hw/backup/hw_ila_data_1.ila. Use Tcl command 'read_hw_ila_data' or Vivado File->Import->Import ILA Data menu item to import the previously saved data.
run_hw_ila [get_hw_ilas -of_objects [get_hw_devices xc7a35t_0] -filter {CELL_NAME=~"ela"}] -trigger_now
INFO: [Labtools 27-1964] The ILA core 'hw_ila_1' trigger was armed at 2022-Nov-25 18:21:11
wait_on_hw_ila [get_hw_ilas -of_objects [get_hw_devices xc7a35t_0] -filter {CELL_NAME=~"ela"}]
display_hw_ila_data [upload_hw_ila_data [get_hw_ilas -of_objects [get_hw_devices xc7a35t_0] -filter {CELL_NAME=~"ela"}]]
INFO: [Labtools 27-1966] The ILA core 'hw_ila_1' triggered at 2022-Nov-25 18:21:11
INFO: [Labtools 27-3304] ILA Waveform data saved to file C:/Users/Jakub/Desktop/KonwerterLiczb/KonwerterLiczb.hw/backup/hw_ila_data_1.ila. Use Tcl command 'read_hw_ila_data' or Vivado File->Import->Import ILA Data menu item to import the previously saved data.
run_hw_ila [get_hw_ilas -of_objects [get_hw_devices xc7a35t_0] -filter {CELL_NAME=~"ela"}] -trigger_now
INFO: [Labtools 27-1964] The ILA core 'hw_ila_1' trigger was armed at 2022-Nov-25 18:21:14
wait_on_hw_ila [get_hw_ilas -of_objects [get_hw_devices xc7a35t_0] -filter {CELL_NAME=~"ela"}]
display_hw_ila_data [upload_hw_ila_data [get_hw_ilas -of_objects [get_hw_devices xc7a35t_0] -filter {CELL_NAME=~"ela"}]]
INFO: [Labtools 27-1966] The ILA core 'hw_ila_1' triggered at 2022-Nov-25 18:21:14
INFO: [Labtools 27-3304] ILA Waveform data saved to file C:/Users/Jakub/Desktop/KonwerterLiczb/KonwerterLiczb.hw/backup/hw_ila_data_1.ila. Use Tcl command 'read_hw_ila_data' or Vivado File->Import->Import ILA Data menu item to import the previously saved data.
run_hw_ila [get_hw_ilas -of_objects [get_hw_devices xc7a35t_0] -filter {CELL_NAME=~"ela"}] -trigger_now
INFO: [Labtools 27-1964] The ILA core 'hw_ila_1' trigger was armed at 2022-Nov-25 18:21:17
wait_on_hw_ila [get_hw_ilas -of_objects [get_hw_devices xc7a35t_0] -filter {CELL_NAME=~"ela"}]
display_hw_ila_data [upload_hw_ila_data [get_hw_ilas -of_objects [get_hw_devices xc7a35t_0] -filter {CELL_NAME=~"ela"}]]
INFO: [Labtools 27-1966] The ILA core 'hw_ila_1' triggered at 2022-Nov-25 18:21:17
INFO: [Labtools 27-3304] ILA Waveform data saved to file C:/Users/Jakub/Desktop/KonwerterLiczb/KonwerterLiczb.hw/backup/hw_ila_data_1.ila. Use Tcl command 'read_hw_ila_data' or Vivado File->Import->Import ILA Data menu item to import the previously saved data.
run_hw_ila [get_hw_ilas -of_objects [get_hw_devices xc7a35t_0] -filter {CELL_NAME=~"ela"}] -trigger_now
INFO: [Labtools 27-1964] The ILA core 'hw_ila_1' trigger was armed at 2022-Nov-25 18:21:20
wait_on_hw_ila [get_hw_ilas -of_objects [get_hw_devices xc7a35t_0] -filter {CELL_NAME=~"ela"}]
display_hw_ila_data [upload_hw_ila_data [get_hw_ilas -of_objects [get_hw_devices xc7a35t_0] -filter {CELL_NAME=~"ela"}]]
INFO: [Labtools 27-1966] The ILA core 'hw_ila_1' triggered at 2022-Nov-25 18:21:20
INFO: [Labtools 27-3304] ILA Waveform data saved to file C:/Users/Jakub/Desktop/KonwerterLiczb/KonwerterLiczb.hw/backup/hw_ila_data_1.ila. Use Tcl command 'read_hw_ila_data' or Vivado File->Import->Import ILA Data menu item to import the previously saved data.
run_hw_ila [get_hw_ilas -of_objects [get_hw_devices xc7a35t_0] -filter {CELL_NAME=~"ela"}] -trigger_now
INFO: [Labtools 27-1964] The ILA core 'hw_ila_1' trigger was armed at 2022-Nov-25 18:21:24
wait_on_hw_ila [get_hw_ilas -of_objects [get_hw_devices xc7a35t_0] -filter {CELL_NAME=~"ela"}]
display_hw_ila_data [upload_hw_ila_data [get_hw_ilas -of_objects [get_hw_devices xc7a35t_0] -filter {CELL_NAME=~"ela"}]]
INFO: [Labtools 27-1966] The ILA core 'hw_ila_1' triggered at 2022-Nov-25 18:21:24
INFO: [Labtools 27-3304] ILA Waveform data saved to file C:/Users/Jakub/Desktop/KonwerterLiczb/KonwerterLiczb.hw/backup/hw_ila_data_1.ila. Use Tcl command 'read_hw_ila_data' or Vivado File->Import->Import ILA Data menu item to import the previously saved data.
run_hw_ila [get_hw_ilas -of_objects [get_hw_devices xc7a35t_0] -filter {CELL_NAME=~"ela"}] -trigger_now
INFO: [Labtools 27-1964] The ILA core 'hw_ila_1' trigger was armed at 2022-Nov-25 18:21:27
wait_on_hw_ila [get_hw_ilas -of_objects [get_hw_devices xc7a35t_0] -filter {CELL_NAME=~"ela"}]
display_hw_ila_data [upload_hw_ila_data [get_hw_ilas -of_objects [get_hw_devices xc7a35t_0] -filter {CELL_NAME=~"ela"}]]
INFO: [Labtools 27-1966] The ILA core 'hw_ila_1' triggered at 2022-Nov-25 18:21:27
INFO: [Labtools 27-3304] ILA Waveform data saved to file C:/Users/Jakub/Desktop/KonwerterLiczb/KonwerterLiczb.hw/backup/hw_ila_data_1.ila. Use Tcl command 'read_hw_ila_data' or Vivado File->Import->Import ILA Data menu item to import the previously saved data.
save_wave_config {C:/Users/Jakub/Desktop/KonwerterLiczb/KonwerterLiczb.hw/hw_1/wave/hw_ila_data_1/hw_ila_data_1.wcfg}
exit
INFO: [Common 17-206] Exiting Vivado at Fri Nov 25 18:23:59 2022...
