
*** Running vivado
    with args -log top.vds -m64 -product Vivado -mode batch -messageDb vivado.pb -notrace -source top.tcl



****** Vivado v2022.2 (64-bit)
  **** SW Build 3671981 on Fri Oct 14 05:00:03 MDT 2022
  **** IP Build 3669848 on Fri Oct 14 08:30:02 MDT 2022
    ** Copyright 1986-2022 Xilinx, Inc. All Rights Reserved.

source top.tcl -notrace
create_project: Time (s): cpu = 00:00:08 ; elapsed = 00:00:08 . Memory (MB): peak = 394.754 ; gain = 61.746
Command: read_checkpoint -auto_incremental -incremental C:/Users/Jakub/Desktop/KonwerterLiczb/KonwerterLiczb.srcs/utils_1/imports/synth_1/klawiatura.dcp
INFO: [Vivado 12-5825] Read reference checkpoint from C:/Users/Jakub/Desktop/KonwerterLiczb/KonwerterLiczb.srcs/utils_1/imports/synth_1/klawiatura.dcp for incremental synthesis
INFO: [Vivado 12-7989] Please ensure there are no constraint changes
Command: synth_design -top top -part xc7a35ticpg236-1L
Starting synth_design
Attempting to get a license for feature 'Synthesis' and/or device 'xc7a35ti'
INFO: [Common 17-349] Got license for feature 'Synthesis' and/or device 'xc7a35ti'
INFO: [Device 21-403] Loading part xc7a35ticpg236-1L
INFO: [Designutils 20-5440] No compile time benefit to using incremental synthesis; A full resynthesis will be run
INFO: [Designutils 20-4379] Flow is switching to default flow due to incremental criteria not met. If you would like to alter this behaviour and have the flow terminate instead, please set the following parameter config_implementation {autoIncr.Synth.RejectBehavior Terminate}
INFO: [Synth 8-7079] Multithreading enabled for synth_design using a maximum of 2 processes.
INFO: [Synth 8-7078] Launching helper process for spawning children vivado processes
INFO: [Synth 8-7075] Helper process launched with PID 10732
INFO: [Synth 8-11241] undeclared symbol 'REGCCE', assumed default net type 'wire' [C:/Xilinx/Vivado/2022.2/data/verilog/src/unimacro/BRAM_SINGLE_MACRO.v:2170]
---------------------------------------------------------------------------------
Starting RTL Elaboration : Time (s): cpu = 00:00:09 ; elapsed = 00:00:09 . Memory (MB): peak = 1235.809 ; gain = 408.664
---------------------------------------------------------------------------------
INFO: [Synth 8-6157] synthesizing module 'top' [C:/Users/Jakub/Desktop/KonwerterLiczb/KonwerterLiczb.srcs/sources_1/new/top.v:23]
INFO: [Synth 8-6157] synthesizing module 'czarodziej' [C:/Users/Jakub/Desktop/KonwerterLiczb/KonwerterLiczb.runs/synth_1/.Xil/Vivado-14432-DESKTOP-1NOTC2F/realtime/czarodziej_stub.v:5]
INFO: [Synth 8-6155] done synthesizing module 'czarodziej' (0#1) [C:/Users/Jakub/Desktop/KonwerterLiczb/KonwerterLiczb.runs/synth_1/.Xil/Vivado-14432-DESKTOP-1NOTC2F/realtime/czarodziej_stub.v:5]
WARNING: [Synth 8-7071] port 'reset' of module 'czarodziej' is unconnected for instance 'merlin' [C:/Users/Jakub/Desktop/KonwerterLiczb/KonwerterLiczb.srcs/sources_1/new/top.v:33]
WARNING: [Synth 8-7071] port 'locked' of module 'czarodziej' is unconnected for instance 'merlin' [C:/Users/Jakub/Desktop/KonwerterLiczb/KonwerterLiczb.srcs/sources_1/new/top.v:33]
WARNING: [Synth 8-7023] instance 'merlin' of module 'czarodziej' has 4 connections declared, but only 2 given [C:/Users/Jakub/Desktop/KonwerterLiczb/KonwerterLiczb.srcs/sources_1/new/top.v:33]
INFO: [Synth 8-6157] synthesizing module 'klawiatura' [C:/Users/Jakub/Desktop/KonwerterLiczb/KonwerterLiczb.srcs/sources_1/new/klawiatura.v:23]
INFO: [Synth 8-155] case statement is not full and has no default [C:/Users/Jakub/Desktop/KonwerterLiczb/KonwerterLiczb.srcs/sources_1/new/klawiatura.v:58]
INFO: [Synth 8-155] case statement is not full and has no default [C:/Users/Jakub/Desktop/KonwerterLiczb/KonwerterLiczb.srcs/sources_1/new/klawiatura.v:64]
INFO: [Synth 8-6155] done synthesizing module 'klawiatura' (0#1) [C:/Users/Jakub/Desktop/KonwerterLiczb/KonwerterLiczb.srcs/sources_1/new/klawiatura.v:23]
INFO: [Synth 8-6157] synthesizing module 'pamiec' [C:/Users/Jakub/Desktop/KonwerterLiczb/KonwerterLiczb.srcs/sources_1/new/pamiec.v:23]
INFO: [Synth 8-6155] done synthesizing module 'pamiec' (0#1) [C:/Users/Jakub/Desktop/KonwerterLiczb/KonwerterLiczb.srcs/sources_1/new/pamiec.v:23]
WARNING: [Synth 8-4446] all outputs are unconnected for this instance and logic may be removed [C:/Users/Jakub/Desktop/KonwerterLiczb/KonwerterLiczb.srcs/sources_1/new/top.v:54]
INFO: [Synth 8-6157] synthesizing module 'ILA' [C:/Users/Jakub/Desktop/KonwerterLiczb/KonwerterLiczb.runs/synth_1/.Xil/Vivado-14432-DESKTOP-1NOTC2F/realtime/ILA_stub.v:5]
INFO: [Synth 8-6155] done synthesizing module 'ILA' (0#1) [C:/Users/Jakub/Desktop/KonwerterLiczb/KonwerterLiczb.runs/synth_1/.Xil/Vivado-14432-DESKTOP-1NOTC2F/realtime/ILA_stub.v:5]
INFO: [Synth 8-6155] done synthesizing module 'top' (0#1) [C:/Users/Jakub/Desktop/KonwerterLiczb/KonwerterLiczb.srcs/sources_1/new/top.v:23]
INFO: [Synth 8-6071] Mark debug on the nets applies keep_hierarchy on instance 'merlin'. This will prevent further optimization [C:/Users/Jakub/Desktop/KonwerterLiczb/KonwerterLiczb.srcs/sources_1/new/top.v:33]
INFO: [Synth 8-6071] Mark debug on the nets applies keep_hierarchy on instance 'ela'. This will prevent further optimization [C:/Users/Jakub/Desktop/KonwerterLiczb/KonwerterLiczb.srcs/sources_1/new/top.v:54]
INFO: [Synth 8-6071] Mark debug on the nets applies keep_hierarchy on instance 'pamieta'. This will prevent further optimization [C:/Users/Jakub/Desktop/KonwerterLiczb/KonwerterLiczb.srcs/sources_1/new/top.v:47]
INFO: [Synth 8-6071] Mark debug on the nets applies keep_hierarchy on instance 'klawa'. This will prevent further optimization [C:/Users/Jakub/Desktop/KonwerterLiczb/KonwerterLiczb.srcs/sources_1/new/top.v:40]
---------------------------------------------------------------------------------
Finished RTL Elaboration : Time (s): cpu = 00:00:12 ; elapsed = 00:00:12 . Memory (MB): peak = 1329.273 ; gain = 502.129
---------------------------------------------------------------------------------
---------------------------------------------------------------------------------
Start Handling Custom Attributes
---------------------------------------------------------------------------------
---------------------------------------------------------------------------------
Finished Handling Custom Attributes : Time (s): cpu = 00:00:12 ; elapsed = 00:00:12 . Memory (MB): peak = 1329.273 ; gain = 502.129
---------------------------------------------------------------------------------
---------------------------------------------------------------------------------
Finished RTL Optimization Phase 1 : Time (s): cpu = 00:00:12 ; elapsed = 00:00:12 . Memory (MB): peak = 1329.273 ; gain = 502.129
---------------------------------------------------------------------------------
Netlist sorting complete. Time (s): cpu = 00:00:00 ; elapsed = 00:00:00.002 . Memory (MB): peak = 1329.273 ; gain = 0.000
INFO: [Project 1-570] Preparing netlist for logic optimization

Processing XDC Constraints
Initializing timing engine
Parsing XDC File [c:/Users/Jakub/Desktop/KonwerterLiczb/KonwerterLiczb.gen/sources_1/ip/czarodziej/czarodziej/czarodziej_in_context.xdc] for cell 'merlin'
Finished Parsing XDC File [c:/Users/Jakub/Desktop/KonwerterLiczb/KonwerterLiczb.gen/sources_1/ip/czarodziej/czarodziej/czarodziej_in_context.xdc] for cell 'merlin'
Parsing XDC File [c:/Users/Jakub/Desktop/KonwerterLiczb/KonwerterLiczb.gen/sources_1/ip/ILA/ILA/ILA_in_context.xdc] for cell 'ela'
Finished Parsing XDC File [c:/Users/Jakub/Desktop/KonwerterLiczb/KonwerterLiczb.gen/sources_1/ip/ILA/ILA/ILA_in_context.xdc] for cell 'ela'
Parsing XDC File [C:/Users/Jakub/Desktop/KonwerterLiczb/piny.xdc]
WARNING: [Vivado 12-584] No ports matched 'vauxp6'. [C:/Users/Jakub/Desktop/KonwerterLiczb/piny.xdc:209]
WARNING: [Vivado 12-584] No ports matched 'vauxp6'. [C:/Users/Jakub/Desktop/KonwerterLiczb/piny.xdc:210]
WARNING: [Vivado 12-584] No ports matched 'vauxp14'. [C:/Users/Jakub/Desktop/KonwerterLiczb/piny.xdc:212]
WARNING: [Vivado 12-584] No ports matched 'vauxp14'. [C:/Users/Jakub/Desktop/KonwerterLiczb/piny.xdc:213]
WARNING: [Vivado 12-584] No ports matched 'vauxp7'. [C:/Users/Jakub/Desktop/KonwerterLiczb/piny.xdc:215]
WARNING: [Vivado 12-584] No ports matched 'vauxp7'. [C:/Users/Jakub/Desktop/KonwerterLiczb/piny.xdc:216]
WARNING: [Vivado 12-584] No ports matched 'vauxp15'. [C:/Users/Jakub/Desktop/KonwerterLiczb/piny.xdc:218]
WARNING: [Vivado 12-584] No ports matched 'vauxp15'. [C:/Users/Jakub/Desktop/KonwerterLiczb/piny.xdc:219]
WARNING: [Vivado 12-584] No ports matched 'vauxn6'. [C:/Users/Jakub/Desktop/KonwerterLiczb/piny.xdc:221]
WARNING: [Vivado 12-584] No ports matched 'vauxn6'. [C:/Users/Jakub/Desktop/KonwerterLiczb/piny.xdc:222]
WARNING: [Vivado 12-584] No ports matched 'vauxn14'. [C:/Users/Jakub/Desktop/KonwerterLiczb/piny.xdc:224]
WARNING: [Vivado 12-584] No ports matched 'vauxn14'. [C:/Users/Jakub/Desktop/KonwerterLiczb/piny.xdc:225]
WARNING: [Vivado 12-584] No ports matched 'vauxn7'. [C:/Users/Jakub/Desktop/KonwerterLiczb/piny.xdc:227]
WARNING: [Vivado 12-584] No ports matched 'vauxn7'. [C:/Users/Jakub/Desktop/KonwerterLiczb/piny.xdc:228]
WARNING: [Vivado 12-584] No ports matched 'vauxn15'. [C:/Users/Jakub/Desktop/KonwerterLiczb/piny.xdc:230]
WARNING: [Vivado 12-584] No ports matched 'vauxn15'. [C:/Users/Jakub/Desktop/KonwerterLiczb/piny.xdc:231]
Finished Parsing XDC File [C:/Users/Jakub/Desktop/KonwerterLiczb/piny.xdc]
WARNING: [Project 1-498] One or more constraints failed evaluation while reading constraint file [C:/Users/Jakub/Desktop/KonwerterLiczb/piny.xdc] and the design contains unresolved black boxes. These constraints will be read post-synthesis (as long as their source constraint file is marked as used_in_implementation) and should be applied correctly then. You should review the constraints listed in the file [.Xil/top_propImpl.xdc] and check the run log file to verify that these constraints were correctly applied.
INFO: [Project 1-236] Implementation specific constraints were found while reading constraint file [C:/Users/Jakub/Desktop/KonwerterLiczb/piny.xdc]. These constraints will be ignored for synthesis but will be used in implementation. Impacted constraints are listed in the file [.Xil/top_propImpl.xdc].
Resolution: To avoid this warning, move constraints listed in [.Xil/top_propImpl.xdc] to another XDC file and exclude this new file from synthesis with the used_in_synthesis property (File Properties dialog in GUI) and re-run elaboration/synthesis.
Completed Processing XDC Constraints

Netlist sorting complete. Time (s): cpu = 00:00:00 ; elapsed = 00:00:00 . Memory (MB): peak = 1430.320 ; gain = 0.000
INFO: [Project 1-111] Unisim Transformation Summary:
No Unisim elements were transformed.

Constraint Validation Runtime : Time (s): cpu = 00:00:00 ; elapsed = 00:00:00.007 . Memory (MB): peak = 1430.320 ; gain = 0.000
INFO: [Designutils 20-5440] No compile time benefit to using incremental synthesis; A full resynthesis will be run
INFO: [Designutils 20-4379] Flow is switching to default flow due to incremental criteria not met. If you would like to alter this behaviour and have the flow terminate instead, please set the following parameter config_implementation {autoIncr.Synth.RejectBehavior Terminate}
INFO: [Synth 8-11241] undeclared symbol 'REGCCE', assumed default net type 'wire' [C:/Xilinx/Vivado/2022.2/data/verilog/src/unimacro/BRAM_SINGLE_MACRO.v:2170]
---------------------------------------------------------------------------------
Finished Constraint Validation : Time (s): cpu = 00:00:23 ; elapsed = 00:00:24 . Memory (MB): peak = 1430.320 ; gain = 603.176
---------------------------------------------------------------------------------
---------------------------------------------------------------------------------
Start Loading Part and Timing Information
---------------------------------------------------------------------------------
Loading part: xc7a35ticpg236-1L
---------------------------------------------------------------------------------
Finished Loading Part and Timing Information : Time (s): cpu = 00:00:23 ; elapsed = 00:00:24 . Memory (MB): peak = 1430.320 ; gain = 603.176
---------------------------------------------------------------------------------
---------------------------------------------------------------------------------
Start Applying 'set_property' XDC Constraints
---------------------------------------------------------------------------------
Applied set_property IO_BUFFER_TYPE = NONE for clk. (constraint file  c:/Users/Jakub/Desktop/KonwerterLiczb/KonwerterLiczb.gen/sources_1/ip/czarodziej/czarodziej/czarodziej_in_context.xdc, line 3).
Applied set_property CLOCK_BUFFER_TYPE = NONE for clk. (constraint file  c:/Users/Jakub/Desktop/KonwerterLiczb/KonwerterLiczb.gen/sources_1/ip/czarodziej/czarodziej/czarodziej_in_context.xdc, line 4).
Applied set_property KEEP_HIERARCHY = SOFT for merlin. (constraint file  auto generated constraint).
Applied set_property KEEP_HIERARCHY = SOFT for ela. (constraint file  auto generated constraint).
---------------------------------------------------------------------------------
Finished applying 'set_property' XDC Constraints : Time (s): cpu = 00:00:23 ; elapsed = 00:00:24 . Memory (MB): peak = 1430.320 ; gain = 603.176
---------------------------------------------------------------------------------
---------------------------------------------------------------------------------
Finished RTL Optimization Phase 2 : Time (s): cpu = 00:00:23 ; elapsed = 00:00:24 . Memory (MB): peak = 1430.320 ; gain = 603.176
---------------------------------------------------------------------------------
---------------------------------------------------------------------------------
Start RTL Component Statistics 
---------------------------------------------------------------------------------
Detailed RTL Component Info : 
+---Adders : 
	   2 Input   14 Bit       Adders := 2     
+---Registers : 
	               16 Bit    Registers := 1     
	               14 Bit    Registers := 2     
	                4 Bit    Registers := 1     
	                2 Bit    Registers := 2     
	                1 Bit    Registers := 1     
+---Muxes : 
	   2 Input   16 Bit        Muxes := 2     
	   2 Input   14 Bit        Muxes := 2     
	   5 Input    2 Bit        Muxes := 2     
	   2 Input    1 Bit        Muxes := 5     
	   5 Input    1 Bit        Muxes := 2     
---------------------------------------------------------------------------------
Finished RTL Component Statistics 
---------------------------------------------------------------------------------
---------------------------------------------------------------------------------
Start Part Resource Summary
---------------------------------------------------------------------------------
Part Resources:
DSPs: 90 (col length:60)
BRAMs: 100 (col length: RAMB18 60 RAMB36 30)
---------------------------------------------------------------------------------
Finished Part Resource Summary
---------------------------------------------------------------------------------
---------------------------------------------------------------------------------
Start Cross Boundary and Area Optimization
---------------------------------------------------------------------------------
WARNING: [Synth 8-7080] Parallel synthesis criteria is not met
---------------------------------------------------------------------------------
Finished Cross Boundary and Area Optimization : Time (s): cpu = 00:00:26 ; elapsed = 00:00:27 . Memory (MB): peak = 1430.320 ; gain = 603.176
---------------------------------------------------------------------------------
---------------------------------------------------------------------------------
Start Applying XDC Timing Constraints
---------------------------------------------------------------------------------
---------------------------------------------------------------------------------
Finished Applying XDC Timing Constraints : Time (s): cpu = 00:00:34 ; elapsed = 00:00:36 . Memory (MB): peak = 1430.320 ; gain = 603.176
---------------------------------------------------------------------------------
---------------------------------------------------------------------------------
Start Timing Optimization
---------------------------------------------------------------------------------
---------------------------------------------------------------------------------
Finished Timing Optimization : Time (s): cpu = 00:00:34 ; elapsed = 00:00:36 . Memory (MB): peak = 1430.320 ; gain = 603.176
---------------------------------------------------------------------------------
---------------------------------------------------------------------------------
Start Technology Mapping
---------------------------------------------------------------------------------
---------------------------------------------------------------------------------
Finished Technology Mapping : Time (s): cpu = 00:00:34 ; elapsed = 00:00:36 . Memory (MB): peak = 1430.320 ; gain = 603.176
---------------------------------------------------------------------------------
---------------------------------------------------------------------------------
Start IO Insertion
---------------------------------------------------------------------------------
---------------------------------------------------------------------------------
Start Flattening Before IO Insertion
---------------------------------------------------------------------------------
---------------------------------------------------------------------------------
Finished Flattening Before IO Insertion
---------------------------------------------------------------------------------
---------------------------------------------------------------------------------
Start Final Netlist Cleanup
---------------------------------------------------------------------------------
---------------------------------------------------------------------------------
Finished Final Netlist Cleanup
---------------------------------------------------------------------------------
CRITICAL WARNING: [Synth 8-4442] BlackBox module merlin has unconnected pin reset
WARNING: [Synth 8-5396] Clock pin C has keep related attribute (keep/mark_debug/dont_touch) which could create extra logic on its net [C:/Users/Jakub/Desktop/KonwerterLiczb/KonwerterLiczb.srcs/sources_1/new/pamiec.v:37]
---------------------------------------------------------------------------------
Finished IO Insertion : Time (s): cpu = 00:00:43 ; elapsed = 00:00:46 . Memory (MB): peak = 1430.320 ; gain = 603.176
---------------------------------------------------------------------------------
---------------------------------------------------------------------------------
Start Renaming Generated Instances
---------------------------------------------------------------------------------
---------------------------------------------------------------------------------
Finished Renaming Generated Instances : Time (s): cpu = 00:00:43 ; elapsed = 00:00:46 . Memory (MB): peak = 1430.320 ; gain = 603.176
---------------------------------------------------------------------------------
---------------------------------------------------------------------------------
Start Rebuilding User Hierarchy
---------------------------------------------------------------------------------
---------------------------------------------------------------------------------
Finished Rebuilding User Hierarchy : Time (s): cpu = 00:00:43 ; elapsed = 00:00:46 . Memory (MB): peak = 1430.320 ; gain = 603.176
---------------------------------------------------------------------------------
---------------------------------------------------------------------------------
Start Renaming Generated Ports
---------------------------------------------------------------------------------
---------------------------------------------------------------------------------
Finished Renaming Generated Ports : Time (s): cpu = 00:00:43 ; elapsed = 00:00:46 . Memory (MB): peak = 1430.320 ; gain = 603.176
---------------------------------------------------------------------------------
---------------------------------------------------------------------------------
Start Handling Custom Attributes
---------------------------------------------------------------------------------
---------------------------------------------------------------------------------
Finished Handling Custom Attributes : Time (s): cpu = 00:00:43 ; elapsed = 00:00:46 . Memory (MB): peak = 1430.320 ; gain = 603.176
---------------------------------------------------------------------------------
---------------------------------------------------------------------------------
Start Renaming Generated Nets
---------------------------------------------------------------------------------
---------------------------------------------------------------------------------
Finished Renaming Generated Nets : Time (s): cpu = 00:00:43 ; elapsed = 00:00:46 . Memory (MB): peak = 1430.320 ; gain = 603.176
---------------------------------------------------------------------------------
---------------------------------------------------------------------------------
Start Writing Synthesis Report
---------------------------------------------------------------------------------

Report BlackBoxes: 
+------+--------------+----------+
|      |BlackBox name |Instances |
+------+--------------+----------+
|1     |czarodziej    |         1|
|2     |ILA           |         1|
+------+--------------+----------+

Report Cell Usage: 
+------+-----------+------+
|      |Cell       |Count |
+------+-----------+------+
|1     |ILA        |     1|
|2     |czarodziej |     1|
|3     |CARRY4     |     8|
|4     |LUT1       |     8|
|5     |LUT3       |     3|
|6     |LUT4       |    14|
|7     |LUT5       |    10|
|8     |LUT6       |     6|
|9     |FDRE       |    52|
|10    |FDSE       |     1|
|11    |IBUF       |     4|
|12    |OBUF       |    20|
+------+-----------+------+
---------------------------------------------------------------------------------
Finished Writing Synthesis Report : Time (s): cpu = 00:00:43 ; elapsed = 00:00:46 . Memory (MB): peak = 1430.320 ; gain = 603.176
---------------------------------------------------------------------------------
Synthesis finished with 0 errors, 1 critical warnings and 2 warnings.
Synthesis Optimization Runtime : Time (s): cpu = 00:00:28 ; elapsed = 00:00:43 . Memory (MB): peak = 1430.320 ; gain = 502.129
Synthesis Optimization Complete : Time (s): cpu = 00:00:43 ; elapsed = 00:00:46 . Memory (MB): peak = 1430.320 ; gain = 603.176
INFO: [Project 1-571] Translating synthesized netlist
Netlist sorting complete. Time (s): cpu = 00:00:00 ; elapsed = 00:00:00.001 . Memory (MB): peak = 1430.320 ; gain = 0.000
INFO: [Netlist 29-17] Analyzing 8 Unisim elements for replacement
INFO: [Netlist 29-28] Unisim Transformation completed in 1 CPU seconds
INFO: [Project 1-570] Preparing netlist for logic optimization
INFO: [Opt 31-138] Pushed 0 inverter(s) to 0 load pin(s).
Netlist sorting complete. Time (s): cpu = 00:00:00 ; elapsed = 00:00:00 . Memory (MB): peak = 1430.320 ; gain = 0.000
INFO: [Project 1-111] Unisim Transformation Summary:
No Unisim elements were transformed.

Synth Design complete, checksum: 796740f1
INFO: [Common 17-83] Releasing license: Synthesis
39 Infos, 23 Warnings, 1 Critical Warnings and 0 Errors encountered.
synth_design completed successfully
synth_design: Time (s): cpu = 00:00:50 ; elapsed = 00:00:54 . Memory (MB): peak = 1430.320 ; gain = 981.738
INFO: [Common 17-600] The following parameters have non-default value.
tcl.collectionResultDisplayLimit
INFO: [runtcl-6] Synthesis results are not added to the cache due to CRITICAL_WARNING
INFO: [Common 17-1381] The checkpoint 'C:/Users/Jakub/Desktop/KonwerterLiczb/KonwerterLiczb.runs/synth_1/top.dcp' has been generated.
INFO: [runtcl-4] Executing : report_utilization -file top_utilization_synth.rpt -pb top_utilization_synth.pb
INFO: [Common 17-206] Exiting Vivado at Thu Nov 17 18:34:45 2022...
